20161011085936 00正确

20161011090252 27错误

20161011090429 22正确

20161011090517 99正确

20161011090839 11正确

20161011090851 33正确

20161011090904 77错误

20161011091429 72错误

20161011094200 79错误

20161011094213 55错误

20161011094227 22正确

20161011094244 13错误

20161011094259 56错误

20161011094409 33正确

20161011094436 44错误

20161011094452 77正确

20161011094503 17错误

20161011094515 38错误

20161011094531 14错误

20161011094545 35错误

20161011094555 55正确

20161011094622 42错误

20161011094638 36错误

20161011094753 14错误

20161011094853 79错误

20161012094956 97错误

20161012041127 99错误

20161012041142 97错误

20161012041200 00正确

20161012041222 20错误

20161012041340 66正确

20161012041815 66错误

20161012041844 01错误

20161012041901 11正确

20161012041914 22正确

20161012085520 47错误

20161012085547 38错误

20161012085610 88正确

20161012085622 00正确

20161012085632 88正确

20161012085731 00正确

20161012085833 11正确

20161012085859 22正确

20161012090028 66正确

20161012090054 77正确

20161012090113 88正确

20161012090133 99正确

20161012104739 00正确

20161014012258 33错误

20161014012306 77正确

20161014012316 33正确

20161014012328 72错误

20161014012350 79错误

20161014012402 00正确

20161014012416 55正确

20161014012432 74错误

20161014012445 14错误

20161014012455 44正确

20161014012502 44正确

20161014012510 22正确

20161014012522 12错误

20161014012529 22正确

20161014012539 52错误

20161014012545 22正确

20161014012559 11正确

20161014012605 11正确

20161014012614 77正确

20161014012619 77正确

20161014012625 77正确

20161014012635 11正确

20161014012648 28错误

20161014012659 78错误

20161014012709 18错误

20161014012718 18错误

20161014012727 88正确

20161014012734 88正确

